<?xml version="1.0" encoding="UTF-8"?>
<testsuite xmlns:xsi="http://www.w3.org/2001/XMLSchema-instance" xsi:noNamespaceSchemaLocation="https://maven.apache.org/surefire/maven-surefire-plugin/xsd/surefire-test-report.xsd" version="3.0.2" name="com.xeniaandreou.processor.SmsProcessorTest" time="1.189" tests="1" errors="0" skipped="0" failures="0">
  <properties>
    <property name="java.specification.version" value="24"/>
    <property name="test.url" value="http://localhost:8081"/>
    <property name="sun.jnu.encoding" value="UTF-8"/>
    <property name="io.quarkus.security.http.test-if-basic-auth-implicitly-required" value="true"/>
    <property name="java.class.path" value="/Users/xeniaandreou/IdeaProjects/intergo-telecom-assessment/sms-platform/processor-service/target/test-classes:/Users/xeniaandreou/IdeaProjects/intergo-telecom-assessment/sms-platform/processor-service/target/classes:/Users/xeniaandreou/.m2/repository/io/quarkus/quarkus-arc/3.24.1/quarkus-arc-3.24.1.jar:/Users/xeniaandreou/.m2/repository/io/quarkus/arc/arc/3.24.1/arc-3.24.1.jar:/Users/xeniaandreou/.m2/repository/jakarta/enterprise/jakarta.enterprise.cdi-api/4.1.0/jakarta.enterprise.cdi-api-4.1.0.jar:/Users/xeniaandreou/.m2/repository/jakarta/enterprise/jakarta.enterprise.lang-model/4.1.0/jakarta.enterprise.lang-model-4.1.0.jar:/Users/xeniaandreou/.m2/repository/jakarta/el/jakarta.el-api/6.0.1/jakarta.el-api-6.0.1.jar:/Users/xeniaandreou/.m2/repository/jakarta/interceptor/jakarta.interceptor-api/2.2.0/jakarta.interceptor-api-2.2.0.jar:/Users/xeniaandreou/.m2/repository/jakarta/transaction/jakarta.transaction-api/2.0.1/jakarta.transaction-api-2.0.1.jar:/Users/xeniaandreou/.m2/repository/io/smallrye/reactive/mutiny/2.9.0/mutiny-2.9.0.jar:/Users/xeniaandreou/.m2/repository/org/jctools/jctools-core/4.0.5/jctools-core-4.0.5.jar:/Users/xeniaandreou/.m2/repository/org/jboss/logging/jboss-logging/3.6.1.Final/jboss-logging-3.6.1.Final.jar:/Users/xeniaandreou/.m2/repository/io/quarkus/quarkus-core/3.24.1/quarkus-core-3.24.1.jar:/Users/xeniaandreou/.m2/repository/jakarta/inject/jakarta.inject-api/2.0.1/jakarta.inject-api-2.0.1.jar:/Users/xeniaandreou/.m2/repository/io/smallrye/common/smallrye-common-os/2.12.0/smallrye-common-os-2.12.0.jar:/Users/xeniaandreou/.m2/repository/io/quarkus/quarkus-ide-launcher/3.24.1/quarkus-ide-launcher-3.24.1.jar:/Users/xeniaandreou/.m2/repository/io/quarkus/quarkus-development-mode-spi/3.24.1/quarkus-development-mode-spi-3.24.1.jar:/Users/xeniaandreou/.m2/repository/io/smallrye/config/smallrye-config/3.13.2/smallrye-config-3.13.2.jar:/Users/xeniaandreou/.m2/repository/io/smallrye/config/smallrye-config-core/3.13.2/smallrye-config-core-3.13.2.jar:/Users/xeniaandreou/.m2/repository/io/smallrye/config/smallrye-config-common/3.13.2/smallrye-config-common-3.13.2.jar:/Users/xeniaandreou/.m2/repository/org/jboss/logmanager/jboss-logmanager/3.1.2.Final/jboss-logmanager-3.1.2.Final.jar:/Users/xeniaandreou/.m2/repository/io/smallrye/common/smallrye-common-constraint/2.12.0/smallrye-common-constraint-2.12.0.jar:/Users/xeniaandreou/.m2/repository/io/smallrye/common/smallrye-common-cpu/2.12.0/smallrye-common-cpu-2.12.0.jar:/Users/xeniaandreou/.m2/repository/io/smallrye/common/smallrye-common-expression/2.12.0/smallrye-common-expression-2.12.0.jar:/Users/xeniaandreou/.m2/repository/io/smallrye/common/smallrye-common-net/2.12.0/smallrye-common-net-2.12.0.jar:/Users/xeniaandreou/.m2/repository/io/smallrye/common/smallrye-common-ref/2.12.0/smallrye-common-ref-2.12.0.jar:/Users/xeniaandreou/.m2/repository/jakarta/json/jakarta.json-api/2.1.3/jakarta.json-api-2.1.3.jar:/Users/xeniaandreou/.m2/repository/org/jboss/threads/jboss-threads/3.9.1/jboss-threads-3.9.1.jar:/Users/xeniaandreou/.m2/repository/io/smallrye/common/smallrye-common-function/2.12.0/smallrye-common-function-2.12.0.jar:/Users/xeniaandreou/.m2/repository/org/slf4j/slf4j-api/2.0.6/slf4j-api-2.0.6.jar:/Users/xeniaandreou/.m2/repository/org/jboss/slf4j/slf4j-jboss-logmanager/2.0.0.Final/slf4j-jboss-logmanager-2.0.0.Final.jar:/Users/xeniaandreou/.m2/repository/org/wildfly/common/wildfly-common/2.0.1/wildfly-common-2.0.1.jar:/Users/xeniaandreou/.m2/repository/io/quarkus/quarkus-bootstrap-runner/3.24.1/quarkus-bootstrap-runner-3.24.1.jar:/Users/xeniaandreou/.m2/repository/io/quarkus/quarkus-fs-util/1.0.0/quarkus-fs-util-1.0.0.jar:/Users/xeniaandreou/.m2/repository/org/eclipse/microprofile/context-propagation/microprofile-context-propagation-api/1.3/microprofile-context-propagation-api-1.3.jar:/Users/xeniaandreou/.m2/repository/io/quarkus/quarkus-rest/3.24.1/quarkus-rest-3.24.1.jar:/Users/xeniaandreou/.m2/repository/io/quarkus/quarkus-rest-common/3.24.1/quarkus-rest-common-3.24.1.jar:/Users/xeniaandreou/.m2/repository/io/quarkus/resteasy/reactive/resteasy-reactive-common/3.24.1/resteasy-reactive-common-3.24.1.jar:/Users/xeniaandreou/.m2/repository/io/quarkus/resteasy/reactive/resteasy-reactive-common-types/3.24.1/resteasy-reactive-common-types-3.24.1.jar:/Users/xeniaandreou/.m2/repository/org/reactivestreams/reactive-streams/1.0.4/reactive-streams-1.0.4.jar:/Users/xeniaandreou/.m2/repository/io/quarkus/quarkus-mutiny/3.24.1/quarkus-mutiny-3.24.1.jar:/Users/xeniaandreou/.m2/repository/io/quarkus/quarkus-smallrye-context-propagation/3.24.1/quarkus-smallrye-context-propagation-3.24.1.jar:/Users/xeniaandreou/.m2/repository/io/smallrye/smallrye-context-propagation/2.2.1/smallrye-context-propagation-2.2.1.jar:/Users/xeniaandreou/.m2/repository/io/smallrye/smallrye-context-propagation-api/2.2.1/smallrye-context-propagation-api-2.2.1.jar:/Users/xeniaandreou/.m2/repository/io/smallrye/smallrye-context-propagation-storage/2.2.1/smallrye-context-propagation-storage-2.2.1.jar:/Users/xeniaandreou/.m2/repository/io/smallrye/reactive/mutiny-smallrye-context-propagation/2.9.0/mutiny-smallrye-context-propagation-2.9.0.jar:/Users/xeniaandreou/.m2/repository/io/quarkus/quarkus-vertx/3.24.1/quarkus-vertx-3.24.1.jar:/Users/xeniaandreou/.m2/repository/io/quarkus/quarkus-netty/3.24.1/quarkus-netty-3.24.1.jar:/Users/xeniaandreou/.m2/repository/io/netty/netty-codec/4.1.121.Final/netty-codec-4.1.121.Final.jar:/Users/xeniaandreou/.m2/repository/io/netty/netty-codec-haproxy/4.1.121.Final/netty-codec-haproxy-4.1.121.Final.jar:/Users/xeniaandreou/.m2/repository/io/quarkus/quarkus-vertx-latebound-mdc-provider/3.24.1/quarkus-vertx-latebound-mdc-provider-3.24.1.jar:/Users/xeniaandreou/.m2/repository/io/smallrye/smallrye-fault-tolerance-vertx/6.9.1/smallrye-fault-tolerance-vertx-6.9.1.jar:/Users/xeniaandreou/.m2/repository/io/quarkus/resteasy/reactive/resteasy-reactive-vertx/3.24.1/resteasy-reactive-vertx-3.24.1.jar:/Users/xeniaandreou/.m2/repository/io/vertx/vertx-web/4.5.16/vertx-web-4.5.16.jar:/Users/xeniaandreou/.m2/repository/io/vertx/vertx-web-common/4.5.16/vertx-web-common-4.5.16.jar:/Users/xeniaandreou/.m2/repository/io/vertx/vertx-auth-common/4.5.16/vertx-auth-common-4.5.16.jar:/Users/xeniaandreou/.m2/repository/io/vertx/vertx-bridge-common/4.5.16/vertx-bridge-common-4.5.16.jar:/Users/xeniaandreou/.m2/repository/io/smallrye/reactive/smallrye-mutiny-vertx-core/3.19.1/smallrye-mutiny-vertx-core-3.19.1.jar:/Users/xeniaandreou/.m2/repository/io/smallrye/reactive/smallrye-mutiny-vertx-runtime/3.19.1/smallrye-mutiny-vertx-runtime-3.19.1.jar:/Users/xeniaandreou/.m2/repository/io/smallrye/reactive/vertx-mutiny-generator/3.19.1/vertx-mutiny-generator-3.19.1.jar:/Users/xeniaandreou/.m2/repository/io/vertx/vertx-codegen/4.5.16/vertx-codegen-4.5.16.jar:/Users/xeniaandreou/.m2/repository/io/quarkus/resteasy/reactive/resteasy-reactive/3.24.1/resteasy-reactive-3.24.1.jar:/Users/xeniaandreou/.m2/repository/io/quarkus/vertx/utils/quarkus-vertx-utils/3.24.1/quarkus-vertx-utils-3.24.1.jar:/Users/xeniaandreou/.m2/repository/jakarta/ws/rs/jakarta.ws.rs-api/3.1.0/jakarta.ws.rs-api-3.1.0.jar:/Users/xeniaandreou/.m2/repository/jakarta/xml/bind/jakarta.xml.bind-api/4.0.2/jakarta.xml.bind-api-4.0.2.jar:/Users/xeniaandreou/.m2/repository/jakarta/activation/jakarta.activation-api/2.1.3/jakarta.activation-api-2.1.3.jar:/Users/xeniaandreou/.m2/repository/io/quarkus/quarkus-vertx-http/3.24.1/quarkus-vertx-http-3.24.1.jar:/Users/xeniaandreou/.m2/repository/io/quarkus/quarkus-security-runtime-spi/3.24.1/quarkus-security-runtime-spi-3.24.1.jar:/Users/xeniaandreou/.m2/repository/io/quarkus/quarkus-tls-registry/3.24.1/quarkus-tls-registry-3.24.1.jar:/Users/xeniaandreou/.m2/repository/io/quarkus/quarkus-tls-registry-spi/3.24.1/quarkus-tls-registry-spi-3.24.1.jar:/Users/xeniaandreou/.m2/repository/io/smallrye/certs/smallrye-private-key-pem-parser/0.9.2/smallrye-private-key-pem-parser-0.9.2.jar:/Users/xeniaandreou/.m2/repository/io/quarkus/quarkus-credentials/3.24.1/quarkus-credentials-3.24.1.jar:/Users/xeniaandreou/.m2/repository/io/smallrye/common/smallrye-common-vertx-context/2.12.0/smallrye-common-vertx-context-2.12.0.jar:/Users/xeniaandreou/.m2/repository/io/quarkus/security/quarkus-security/2.2.1/quarkus-security-2.2.1.jar:/Users/xeniaandreou/.m2/repository/io/smallrye/reactive/smallrye-mutiny-vertx-web/3.19.1/smallrye-mutiny-vertx-web-3.19.1.jar:/Users/xeniaandreou/.m2/repository/io/smallrye/reactive/smallrye-mutiny-vertx-web-common/3.19.1/smallrye-mutiny-vertx-web-common-3.19.1.jar:/Users/xeniaandreou/.m2/repository/io/smallrye/reactive/smallrye-mutiny-vertx-auth-common/3.19.1/smallrye-mutiny-vertx-auth-common-3.19.1.jar:/Users/xeniaandreou/.m2/repository/io/smallrye/reactive/smallrye-mutiny-vertx-bridge-common/3.19.1/smallrye-mutiny-vertx-bridge-common-3.19.1.jar:/Users/xeniaandreou/.m2/repository/io/smallrye/reactive/smallrye-mutiny-vertx-uri-template/3.19.1/smallrye-mutiny-vertx-uri-template-3.19.1.jar:/Users/xeniaandreou/.m2/repository/io/vertx/vertx-uri-template/4.5.16/vertx-uri-template-4.5.16.jar:/Users/xeniaandreou/.m2/repository/io/github/crac/org-crac/0.1.3/org-crac-0.1.3.jar:/Users/xeniaandreou/.m2/repository/com/aayushatharva/brotli4j/brotli4j/1.16.0/brotli4j-1.16.0.jar:/Users/xeniaandreou/.m2/repository/com/aayushatharva/brotli4j/service/1.16.0/service-1.16.0.jar:/Users/xeniaandreou/.m2/repository/com/aayushatharva/brotli4j/native-osx-aarch64/1.16.0/native-osx-aarch64-1.16.0.jar:/Users/xeniaandreou/.m2/repository/io/quarkus/quarkus-jsonp/3.24.1/quarkus-jsonp-3.24.1.jar:/Users/xeniaandreou/.m2/repository/org/eclipse/parsson/parsson/1.1.7/parsson-1.1.7.jar:/Users/xeniaandreou/.m2/repository/io/quarkus/quarkus-virtual-threads/3.24.1/quarkus-virtual-threads-3.24.1.jar:/Users/xeniaandreou/.m2/repository/io/vertx/vertx-core/4.5.16/vertx-core-4.5.16.jar:/Users/xeniaandreou/.m2/repository/io/netty/netty-common/4.1.121.Final/netty-common-4.1.121.Final.jar:/Users/xeniaandreou/.m2/repository/io/netty/netty-buffer/4.1.121.Final/netty-buffer-4.1.121.Final.jar:/Users/xeniaandreou/.m2/repository/io/netty/netty-transport/4.1.121.Final/netty-transport-4.1.121.Final.jar:/Users/xeniaandreou/.m2/repository/io/netty/netty-handler/4.1.121.Final/netty-handler-4.1.121.Final.jar:/Users/xeniaandreou/.m2/repository/io/netty/netty-transport-native-unix-common/4.1.121.Final/netty-transport-native-unix-common-4.1.121.Final.jar:/Users/xeniaandreou/.m2/repository/io/netty/netty-handler-proxy/4.1.121.Final/netty-handler-proxy-4.1.121.Final.jar:/Users/xeniaandreou/.m2/repository/io/netty/netty-codec-socks/4.1.121.Final/netty-codec-socks-4.1.121.Final.jar:/Users/xeniaandreou/.m2/repository/io/netty/netty-codec-http/4.1.121.Final/netty-codec-http-4.1.121.Final.jar:/Users/xeniaandreou/.m2/repository/io/netty/netty-codec-http2/4.1.121.Final/netty-codec-http2-4.1.121.Final.jar:/Users/xeniaandreou/.m2/repository/io/netty/netty-resolver/4.1.121.Final/netty-resolver-4.1.121.Final.jar:/Users/xeniaandreou/.m2/repository/io/netty/netty-resolver-dns/4.1.121.Final/netty-resolver-dns-4.1.121.Final.jar:/Users/xeniaandreou/.m2/repository/io/netty/netty-codec-dns/4.1.121.Final/netty-codec-dns-4.1.121.Final.jar:/Users/xeniaandreou/.m2/repository/io/quarkus/quarkus-test-common/3.24.1/quarkus-test-common-3.24.1.jar:/Users/xeniaandreou/.m2/repository/io/quarkus/quarkus-core-deployment/3.24.1/quarkus-core-deployment-3.24.1.jar:/Users/xeniaandreou/.m2/repository/io/quarkus/quarkus-classloader-commons/3.24.1/quarkus-classloader-commons-3.24.1.jar:/Users/xeniaandreou/.m2/repository/org/aesh/readline/2.6/readline-2.6.jar:/Users/xeniaandreou/.m2/repository/org/fusesource/jansi/jansi/2.4.0/jansi-2.4.0.jar:/Users/xeniaandreou/.m2/repository/org/aesh/aesh/2.8.2/aesh-2.8.2.jar:/Users/xeniaandreou/.m2/repository/org/apache/commons/commons-lang3/3.17.0/commons-lang3-3.17.0.jar:/Users/xeniaandreou/.m2/repository/io/quarkus/gizmo/gizmo/1.9.0/gizmo-1.9.0.jar:/Users/xeniaandreou/.m2/repository/org/ow2/asm/asm-util/9.8/asm-util-9.8.jar:/Users/xeniaandreou/.m2/repository/org/ow2/asm/asm-analysis/9.8/asm-analysis-9.8.jar:/Users/xeniaandreou/.m2/repository/org/ow2/asm/asm/9.8/asm-9.8.jar:/Users/xeniaandreou/.m2/repository/org/ow2/asm/asm-commons/9.8/asm-commons-9.8.jar:/Users/xeniaandreou/.m2/repository/org/ow2/asm/asm-tree/9.8/asm-tree-9.8.jar:/Users/xeniaandreou/.m2/repository/io/quarkus/quarkus-hibernate-validator-spi/3.24.1/quarkus-hibernate-validator-spi-3.24.1.jar:/Users/xeniaandreou/.m2/repository/io/quarkus/quarkus-class-change-agent/3.24.1/quarkus-class-change-agent-3.24.1.jar:/Users/xeniaandreou/.m2/repository/io/quarkus/quarkus-devtools-utilities/3.24.1/quarkus-devtools-utilities-3.24.1.jar:/Users/xeniaandreou/.m2/repository/io/quarkus/quarkus-builder/3.24.1/quarkus-builder-3.24.1.jar:/Users/xeniaandreou/.m2/repository/org/graalvm/sdk/nativeimage/23.1.2/nativeimage-23.1.2.jar:/Users/xeniaandreou/.m2/repository/org/graalvm/sdk/word/23.1.2/word-23.1.2.jar:/Users/xeniaandreou/.m2/repository/org/junit/platform/junit-platform-launcher/1.13.1/junit-platform-launcher-1.13.1.jar:/Users/xeniaandreou/.m2/repository/org/junit/platform/junit-platform-engine/1.13.1/junit-platform-engine-1.13.1.jar:/Users/xeniaandreou/.m2/repository/io/quarkus/quarkus-bootstrap-maven-resolver/3.24.1/quarkus-bootstrap-maven-resolver-3.24.1.jar:/Users/xeniaandreou/.m2/repository/io/smallrye/beanbag/smallrye-beanbag-maven/1.5.3/smallrye-beanbag-maven-1.5.3.jar:/Users/xeniaandreou/.m2/repository/io/smallrye/beanbag/smallrye-beanbag-sisu/1.5.3/smallrye-beanbag-sisu-1.5.3.jar:/Users/xeniaandreou/.m2/repository/io/smallrye/beanbag/smallrye-beanbag/1.5.3/smallrye-beanbag-1.5.3.jar:/Users/xeniaandreou/.m2/repository/javax/inject/javax.inject/1/javax.inject-1.jar:/Users/xeniaandreou/.m2/repository/org/apache/maven/maven-artifact/3.9.9/maven-artifact-3.9.9.jar:/Users/xeniaandreou/.m2/repository/org/apache/maven/maven-builder-support/3.9.9/maven-builder-support-3.9.9.jar:/Users/xeniaandreou/.m2/repository/org/apache/maven/maven-model/3.9.9/maven-model-3.9.9.jar:/Users/xeniaandreou/.m2/repository/org/apache/maven/maven-model-builder/3.9.9/maven-model-builder-3.9.9.jar:/Users/xeniaandreou/.m2/repository/org/apache/maven/maven-repository-metadata/3.9.9/maven-repository-metadata-3.9.9.jar:/Users/xeniaandreou/.m2/repository/org/apache/maven/maven-settings/3.9.9/maven-settings-3.9.9.jar:/Users/xeniaandreou/.m2/repository/org/apache/maven/resolver/maven-resolver-api/1.9.22/maven-resolver-api-1.9.22.jar:/Users/xeniaandreou/.m2/repository/org/apache/maven/resolver/maven-resolver-impl/1.9.22/maven-resolver-impl-1.9.22.jar:/Users/xeniaandreou/.m2/repository/org/apache/maven/resolver/maven-resolver-named-locks/1.9.22/maven-resolver-named-locks-1.9.22.jar:/Users/xeniaandreou/.m2/repository/org/apache/maven/resolver/maven-resolver-spi/1.9.22/maven-resolver-spi-1.9.22.jar:/Users/xeniaandreou/.m2/repository/org/apache/maven/resolver/maven-resolver-util/1.9.22/maven-resolver-util-1.9.22.jar:/Users/xeniaandreou/.m2/repository/org/apache/maven/resolver/maven-resolver-transport-http/1.9.23/maven-resolver-transport-http-1.9.23.jar:/Users/xeniaandreou/.m2/repository/org/apache/maven/wagon/wagon-provider-api/3.5.3/wagon-provider-api-3.5.3.jar:/Users/xeniaandreou/.m2/repository/org/apache/maven/wagon/wagon-http-shared/3.5.3/wagon-http-shared-3.5.3.jar:/Users/xeniaandreou/.m2/repository/org/codehaus/plexus/plexus-interpolation/1.26/plexus-interpolation-1.26.jar:/Users/xeniaandreou/.m2/repository/org/codehaus/plexus/plexus-utils/3.5.1/plexus-utils-3.5.1.jar:/Users/xeniaandreou/.m2/repository/org/codehaus/plexus/plexus-xml/4.0.2/plexus-xml-4.0.2.jar:/Users/xeniaandreou/.m2/repository/org/apache/maven/maven-xml-impl/4.0.0-alpha-7/maven-xml-impl-4.0.0-alpha-7.jar:/Users/xeniaandreou/.m2/repository/org/apache/maven/maven-api-xml/4.0.0-alpha-7/maven-api-xml-4.0.0-alpha-7.jar:/Users/xeniaandreou/.m2/repository/org/apache/maven/maven-api-meta/4.0.0-alpha-7/maven-api-meta-4.0.0-alpha-7.jar:/Users/xeniaandreou/.m2/repository/org/codehaus/plexus/plexus-cipher/2.0/plexus-cipher-2.0.jar:/Users/xeniaandreou/.m2/repository/org/codehaus/plexus/plexus-sec-dispatcher/2.0/plexus-sec-dispatcher-2.0.jar:/Users/xeniaandreou/.m2/repository/io/quarkus/quarkus-bootstrap-app-model/3.24.1/quarkus-bootstrap-app-model-3.24.1.jar:/Users/xeniaandreou/.m2/repository/org/apache/maven/maven-embedder/3.9.9/maven-embedder-3.9.9.jar:/Users/xeniaandreou/.m2/repository/org/apache/maven/maven-core/3.9.9/maven-core-3.9.9.jar:/Users/xeniaandreou/.m2/repository/org/codehaus/plexus/plexus-component-annotations/2.1.0/plexus-component-annotations-2.1.0.jar:/Users/xeniaandreou/.m2/repository/org/apache/maven/maven-plugin-api/3.9.9/maven-plugin-api-3.9.9.jar:/Users/xeniaandreou/.m2/repository/org/apache/maven/shared/maven-shared-utils/3.4.2/maven-shared-utils-3.4.2.jar:/Users/xeniaandreou/.m2/repository/com/google/inject/guice/5.1.0/guice-5.1.0.jar:/Users/xeniaandreou/.m2/repository/aopalliance/aopalliance/1.0/aopalliance-1.0.jar:/Users/xeniaandreou/.m2/repository/com/google/guava/guava/33.4.8-jre/guava-33.4.8-jre.jar:/Users/xeniaandreou/.m2/repository/org/jspecify/jspecify/1.0.0/jspecify-1.0.0.jar:/Users/xeniaandreou/.m2/repository/com/google/guava/failureaccess/1.0.1/failureaccess-1.0.1.jar:/Users/xeniaandreou/.m2/repository/javax/annotation/javax.annotation-api/1.3.2/javax.annotation-api-1.3.2.jar:/Users/xeniaandreou/.m2/repository/org/codehaus/plexus/plexus-classworlds/2.6.0/plexus-classworlds-2.6.0.jar:/Users/xeniaandreou/.m2/repository/commons-cli/commons-cli/1.8.0/commons-cli-1.8.0.jar:/Users/xeniaandreou/.m2/repository/org/eclipse/sisu/org.eclipse.sisu.plexus/0.9.0.M4/org.eclipse.sisu.plexus-0.9.0.M4.jar:/Users/xeniaandreou/.m2/repository/org/apache/maven/maven-settings-builder/3.9.9/maven-settings-builder-3.9.9.jar:/Users/xeniaandreou/.m2/repository/org/apache/maven/maven-resolver-provider/3.9.9/maven-resolver-provider-3.9.9.jar:/Users/xeniaandreou/.m2/repository/org/apache/maven/resolver/maven-resolver-connector-basic/1.9.22/maven-resolver-connector-basic-1.9.22.jar:/Users/xeniaandreou/.m2/repository/org/apache/maven/resolver/maven-resolver-transport-wagon/1.9.22/maven-resolver-transport-wagon-1.9.22.jar:/Users/xeniaandreou/.m2/repository/org/apache/maven/wagon/wagon-http/3.5.3/wagon-http-3.5.3.jar:/Users/xeniaandreou/.m2/repository/org/apache/maven/wagon/wagon-file/3.5.3/wagon-file-3.5.3.jar:/Users/xeniaandreou/.m2/repository/io/quarkus/quarkus-bootstrap-gradle-resolver/3.24.1/quarkus-bootstrap-gradle-resolver-3.24.1.jar:/Users/xeniaandreou/.m2/repository/io/smallrye/jandex/3.3.1/jandex-3.3.1.jar:/Users/xeniaandreou/.m2/repository/commons-io/commons-io/2.19.0/commons-io-2.19.0.jar:/Users/xeniaandreou/.m2/repository/org/jboss/logging/commons-logging-jboss-logging/1.0.0.Final/commons-logging-jboss-logging-1.0.0.Final.jar:/Users/xeniaandreou/.m2/repository/org/testcontainers/junit-jupiter/1.21.2/junit-jupiter-1.21.2.jar:/Users/xeniaandreou/.m2/repository/org/testcontainers/testcontainers/1.21.2/testcontainers-1.21.2.jar:/Users/xeniaandreou/.m2/repository/junit/junit/4.13.2/junit-4.13.2.jar:/Users/xeniaandreou/.m2/repository/org/apache/commons/commons-compress/1.27.1/commons-compress-1.27.1.jar:/Users/xeniaandreou/.m2/repository/org/rnorth/duct-tape/duct-tape/1.0.8/duct-tape-1.0.8.jar:/Users/xeniaandreou/.m2/repository/org/jetbrains/annotations/26.0.2/annotations-26.0.2.jar:/Users/xeniaandreou/.m2/repository/com/github/docker-java/docker-java-api/3.4.2/docker-java-api-3.4.2.jar:/Users/xeniaandreou/.m2/repository/com/fasterxml/jackson/core/jackson-annotations/2.19.1/jackson-annotations-2.19.1.jar:/Users/xeniaandreou/.m2/repository/com/github/docker-java/docker-java-transport-zerodep/3.4.2/docker-java-transport-zerodep-3.4.2.jar:/Users/xeniaandreou/.m2/repository/com/github/docker-java/docker-java-transport/3.4.2/docker-java-transport-3.4.2.jar:/Users/xeniaandreou/.m2/repository/net/java/dev/jna/jna/5.8.0/jna-5.8.0.jar:/Users/xeniaandreou/.m2/repository/org/mockito/mockito-core/5.11.0/mockito-core-5.11.0.jar:/Users/xeniaandreou/.m2/repository/net/bytebuddy/byte-buddy/1.17.5/byte-buddy-1.17.5.jar:/Users/xeniaandreou/.m2/repository/net/bytebuddy/byte-buddy-agent/1.14.12/byte-buddy-agent-1.14.12.jar:/Users/xeniaandreou/.m2/repository/org/objenesis/objenesis/3.3/objenesis-3.3.jar:/Users/xeniaandreou/.m2/repository/org/mockito/mockito-junit-jupiter/5.11.0/mockito-junit-jupiter-5.11.0.jar:/Users/xeniaandreou/.m2/repository/org/junit/jupiter/junit-jupiter-api/5.13.1/junit-jupiter-api-5.13.1.jar:/Users/xeniaandreou/.m2/repository/org/opentest4j/opentest4j/1.3.0/opentest4j-1.3.0.jar:/Users/xeniaandreou/.m2/repository/org/junit/platform/junit-platform-commons/1.13.1/junit-platform-commons-1.13.1.jar:/Users/xeniaandreou/.m2/repository/org/apiguardian/apiguardian-api/1.1.2/apiguardian-api-1.1.2.jar:/Users/xeniaandreou/.m2/repository/io/quarkus/quarkus-smallrye-openapi/3.24.1/quarkus-smallrye-openapi-3.24.1.jar:/Users/xeniaandreou/.m2/repository/io/smallrye/smallrye-open-api-core/4.0.11/smallrye-open-api-core-4.0.11.jar:/Users/xeniaandreou/.m2/repository/org/eclipse/microprofile/openapi/microprofile-openapi-api/4.0.2/microprofile-openapi-api-4.0.2.jar:/Users/xeniaandreou/.m2/repository/org/eclipse/microprofile/config/microprofile-config-api/3.1/microprofile-config-api-3.1.jar:/Users/xeniaandreou/.m2/repository/io/smallrye/smallrye-open-api-model/4.0.11/smallrye-open-api-model-4.0.11.jar:/Users/xeniaandreou/.m2/repository/com/fasterxml/jackson/core/jackson-core/2.19.1/jackson-core-2.19.1.jar:/Users/xeniaandreou/.m2/repository/com/fasterxml/jackson/core/jackson-databind/2.19.1/jackson-databind-2.19.1.jar:/Users/xeniaandreou/.m2/repository/com/fasterxml/jackson/dataformat/jackson-dataformat-yaml/2.19.1/jackson-dataformat-yaml-2.19.1.jar:/Users/xeniaandreou/.m2/repository/org/yaml/snakeyaml/2.4/snakeyaml-2.4.jar:/Users/xeniaandreou/.m2/repository/io/smallrye/common/smallrye-common-classloader/2.12.0/smallrye-common-classloader-2.12.0.jar:/Users/xeniaandreou/.m2/repository/io/quarkus/quarkus-swagger-ui/3.24.1/quarkus-swagger-ui-3.24.1.jar:/Users/xeniaandreou/.m2/repository/io/quarkus/quarkus-rest-jackson/3.24.1/quarkus-rest-jackson-3.24.1.jar:/Users/xeniaandreou/.m2/repository/io/quarkus/quarkus-rest-jackson-common/3.24.1/quarkus-rest-jackson-common-3.24.1.jar:/Users/xeniaandreou/.m2/repository/io/quarkus/quarkus-messaging-kafka/3.24.1/quarkus-messaging-kafka-3.24.1.jar:/Users/xeniaandreou/.m2/repository/io/quarkus/quarkus-kafka-client/3.24.1/quarkus-kafka-client-3.24.1.jar:/Users/xeniaandreou/.m2/repository/io/smallrye/reactive/smallrye-reactive-messaging-kafka/4.28.0/smallrye-reactive-messaging-kafka-4.28.0.jar:/Users/xeniaandreou/.m2/repository/io/smallrye/reactive/smallrye-reactive-messaging-kafka-api/4.28.0/smallrye-reactive-messaging-kafka-api-4.28.0.jar:/Users/xeniaandreou/.m2/repository/io/smallrye/reactive/smallrye-reactive-messaging-otel/4.28.0/smallrye-reactive-messaging-otel-4.28.0.jar:/Users/xeniaandreou/.m2/repository/io/opentelemetry/opentelemetry-api/1.44.1/opentelemetry-api-1.44.1.jar:/Users/xeniaandreou/.m2/repository/io/opentelemetry/opentelemetry-context/1.44.1/opentelemetry-context-1.44.1.jar:/Users/xeniaandreou/.m2/repository/io/opentelemetry/semconv/opentelemetry-semconv/1.28.0-alpha/opentelemetry-semconv-1.28.0-alpha.jar:/Users/xeniaandreou/.m2/repository/io/opentelemetry/instrumentation/opentelemetry-instrumentation-api/2.10.0/opentelemetry-instrumentation-api-2.10.0.jar:/Users/xeniaandreou/.m2/repository/io/opentelemetry/opentelemetry-api-incubator/1.44.1-alpha/opentelemetry-api-incubator-1.44.1-alpha.jar:/Users/xeniaandreou/.m2/repository/io/opentelemetry/instrumentation/opentelemetry-instrumentation-api-incubator/2.10.0-alpha/opentelemetry-instrumentation-api-incubator-2.10.0-alpha.jar:/Users/xeniaandreou/.m2/repository/io/smallrye/reactive/smallrye-reactive-converter-api/3.0.3/smallrye-reactive-converter-api-3.0.3.jar:/Users/xeniaandreou/.m2/repository/io/smallrye/reactive/mutiny-zero/1.1.1/mutiny-zero-1.1.1.jar:/Users/xeniaandreou/.m2/repository/io/smallrye/reactive/mutiny-zero-flow-adapters/1.1.1/mutiny-zero-flow-adapters-1.1.1.jar:/Users/xeniaandreou/.m2/repository/io/quarkus/quarkus-jackson/3.24.1/quarkus-jackson-3.24.1.jar:/Users/xeniaandreou/.m2/repository/com/fasterxml/jackson/datatype/jackson-datatype-jsr310/2.19.1/jackson-datatype-jsr310-2.19.1.jar:/Users/xeniaandreou/.m2/repository/com/fasterxml/jackson/datatype/jackson-datatype-jdk8/2.19.1/jackson-datatype-jdk8-2.19.1.jar:/Users/xeniaandreou/.m2/repository/com/fasterxml/jackson/module/jackson-module-parameter-names/2.19.1/jackson-module-parameter-names-2.19.1.jar:/Users/xeniaandreou/.m2/repository/org/apache/kafka/kafka-clients/4.0.0/kafka-clients-4.0.0.jar:/Users/xeniaandreou/.m2/repository/com/github/luben/zstd-jni/1.5.6-6/zstd-jni-1.5.6-6.jar:/Users/xeniaandreou/.m2/repository/org/lz4/lz4-java/1.8.0/lz4-java-1.8.0.jar:/Users/xeniaandreou/.m2/repository/org/xerial/snappy/snappy-java/1.1.10.5/snappy-java-1.1.10.5.jar:/Users/xeniaandreou/.m2/repository/io/quarkus/quarkus-messaging/3.24.1/quarkus-messaging-3.24.1.jar:/Users/xeniaandreou/.m2/repository/io/quarkus/quarkus-mutiny-reactive-streams-operators/3.24.1/quarkus-mutiny-reactive-streams-operators-3.24.1.jar:/Users/xeniaandreou/.m2/repository/org/eclipse/microprofile/reactive-streams-operators/microprofile-reactive-streams-operators-api/3.0.1/microprofile-reactive-streams-operators-api-3.0.1.jar:/Users/xeniaandreou/.m2/repository/org/eclipse/microprofile/reactive-streams-operators/microprofile-reactive-streams-operators-core/3.0.1/microprofile-reactive-streams-operators-core-3.0.1.jar:/Users/xeniaandreou/.m2/repository/io/smallrye/reactive/mutiny-reactive-streams-operators/2.9.0/mutiny-reactive-streams-operators-2.9.0.jar:/Users/xeniaandreou/.m2/repository/io/quarkus/quarkus-messaging-kotlin/3.24.1/quarkus-messaging-kotlin-3.24.1.jar:/Users/xeniaandreou/.m2/repository/io/smallrye/common/smallrye-common-annotation/2.12.0/smallrye-common-annotation-2.12.0.jar:/Users/xeniaandreou/.m2/repository/io/smallrye/reactive/smallrye-reactive-messaging-health/4.28.0/smallrye-reactive-messaging-health-4.28.0.jar:/Users/xeniaandreou/.m2/repository/org/eclipse/microprofile/health/microprofile-health-api/4.0.1/microprofile-health-api-4.0.1.jar:/Users/xeniaandreou/.m2/repository/io/smallrye/reactive/smallrye-reactive-messaging-provider/4.28.0/smallrye-reactive-messaging-provider-4.28.0.jar:/Users/xeniaandreou/.m2/repository/io/smallrye/reactive/smallrye-reactive-messaging-api/4.28.0/smallrye-reactive-messaging-api-4.28.0.jar:/Users/xeniaandreou/.m2/repository/jakarta/annotation/jakarta.annotation-api/3.0.0/jakarta.annotation-api-3.0.0.jar:/Users/xeniaandreou/.m2/repository/io/quarkus/quarkus-rest-client-jackson/3.24.1/quarkus-rest-client-jackson-3.24.1.jar:/Users/xeniaandreou/.m2/repository/io/quarkus/resteasy/reactive/resteasy-reactive-jackson/3.24.1/resteasy-reactive-jackson-3.24.1.jar:/Users/xeniaandreou/.m2/repository/io/quarkus/quarkus-rest-client/3.24.1/quarkus-rest-client-3.24.1.jar:/Users/xeniaandreou/.m2/repository/io/quarkus/quarkus-rest-client-jaxrs/3.24.1/quarkus-rest-client-jaxrs-3.24.1.jar:/Users/xeniaandreou/.m2/repository/io/quarkus/resteasy/reactive/resteasy-reactive-client/3.24.1/resteasy-reactive-client-3.24.1.jar:/Users/xeniaandreou/.m2/repository/io/smallrye/stork/stork-api/2.7.3/stork-api-2.7.3.jar:/Users/xeniaandreou/.m2/repository/io/vertx/vertx-web-client/4.5.16/vertx-web-client-4.5.16.jar:/Users/xeniaandreou/.m2/repository/io/quarkus/quarkus-rest-client-config/3.24.1/quarkus-rest-client-config-3.24.1.jar:/Users/xeniaandreou/.m2/repository/org/eclipse/microprofile/rest/client/microprofile-rest-client-api/4.0/microprofile-rest-client-api-4.0.jar:/Users/xeniaandreou/.m2/repository/io/quarkus/quarkus-junit5/3.24.1/quarkus-junit5-3.24.1.jar:/Users/xeniaandreou/.m2/repository/io/quarkus/quarkus-bootstrap-core/3.24.1/quarkus-bootstrap-core-3.24.1.jar:/Users/xeniaandreou/.m2/repository/io/smallrye/common/smallrye-common-io/2.12.0/smallrye-common-io-2.12.0.jar:/Users/xeniaandreou/.m2/repository/org/eclipse/sisu/org.eclipse.sisu.inject/0.9.0.M4/org.eclipse.sisu.inject-0.9.0.M4.jar:/Users/xeniaandreou/.m2/repository/io/quarkus/quarkus-junit5-config/3.24.1/quarkus-junit5-config-3.24.1.jar:/Users/xeniaandreou/.m2/repository/org/junit/jupiter/junit-jupiter/5.13.1/junit-jupiter-5.13.1.jar:/Users/xeniaandreou/.m2/repository/org/junit/jupiter/junit-jupiter-params/5.13.1/junit-jupiter-params-5.13.1.jar:/Users/xeniaandreou/.m2/repository/org/junit/jupiter/junit-jupiter-engine/5.13.1/junit-jupiter-engine-5.13.1.jar:/Users/xeniaandreou/.m2/repository/io/rest-assured/rest-assured/5.5.5/rest-assured-5.5.5.jar:/Users/xeniaandreou/.m2/repository/org/apache/groovy/groovy/4.0.22/groovy-4.0.22.jar:/Users/xeniaandreou/.m2/repository/org/apache/groovy/groovy-xml/4.0.22/groovy-xml-4.0.22.jar:/Users/xeniaandreou/.m2/repository/org/apache/httpcomponents/httpclient/4.5.14/httpclient-4.5.14.jar:/Users/xeniaandreou/.m2/repository/org/apache/httpcomponents/httpcore/4.4.16/httpcore-4.4.16.jar:/Users/xeniaandreou/.m2/repository/commons-codec/commons-codec/1.18.0/commons-codec-1.18.0.jar:/Users/xeniaandreou/.m2/repository/org/apache/httpcomponents/httpmime/4.5.14/httpmime-4.5.14.jar:/Users/xeniaandreou/.m2/repository/org/hamcrest/hamcrest/2.2/hamcrest-2.2.jar:/Users/xeniaandreou/.m2/repository/org/ccil/cowan/tagsoup/tagsoup/1.2.1/tagsoup-1.2.1.jar:/Users/xeniaandreou/.m2/repository/io/rest-assured/json-path/5.5.5/json-path-5.5.5.jar:/Users/xeniaandreou/.m2/repository/org/apache/groovy/groovy-json/4.0.22/groovy-json-4.0.22.jar:/Users/xeniaandreou/.m2/repository/io/rest-assured/rest-assured-common/5.5.5/rest-assured-common-5.5.5.jar:/Users/xeniaandreou/.m2/repository/io/rest-assured/xml-path/5.5.5/xml-path-5.5.5.jar:"/>
    <property name="java.vm.vendor" value="Homebrew"/>
    <property name="sun.arch.data.model" value="64"/>
    <property name="java.vendor.url" value="https://github.com/Homebrew/homebrew-core/issues"/>
    <property name="user.timezone" value="Asia/Nicosia"/>
    <property name="logging.initial-configurator.min-level" value="500"/>
    <property name="java.vm.specification.version" value="24"/>
    <property name="os.name" value="Mac OS X"/>
    <property name="sun.java.launcher" value="SUN_STANDARD"/>
    <property name="user.country" value="CY"/>
    <property name="groovy.use.classvalue" value="false"/>
    <property name="sun.boot.library.path" value="/opt/homebrew/Cellar/openjdk/24.0.1/libexec/openjdk.jdk/Contents/Home/lib"/>
    <property name="sun.java.command" value="/Users/xeniaandreou/IdeaProjects/intergo-telecom-assessment/sms-platform/processor-service/target/surefire/surefirebooter-20250704232901997_3.jar /Users/xeniaandreou/IdeaProjects/intergo-telecom-assessment/sms-platform/processor-service/target/surefire 2025-07-04T23-29-01_955-jvmRun1 surefire-20250704232901997_1tmp surefire_0-20250704232901997_2tmp"/>
    <property name="http.nonProxyHosts" value="local|*.local|169.254/16|*.169.254/16"/>
    <property name="jdk.debug" value="release"/>
    <property name="maven.home" value="/opt/homebrew/Cellar/maven/3.9.10/libexec"/>
    <property name="surefire.test.class.path" value="/Users/xeniaandreou/IdeaProjects/intergo-telecom-assessment/sms-platform/processor-service/target/test-classes:/Users/xeniaandreou/IdeaProjects/intergo-telecom-assessment/sms-platform/processor-service/target/classes:/Users/xeniaandreou/.m2/repository/io/quarkus/quarkus-arc/3.24.1/quarkus-arc-3.24.1.jar:/Users/xeniaandreou/.m2/repository/io/quarkus/arc/arc/3.24.1/arc-3.24.1.jar:/Users/xeniaandreou/.m2/repository/jakarta/enterprise/jakarta.enterprise.cdi-api/4.1.0/jakarta.enterprise.cdi-api-4.1.0.jar:/Users/xeniaandreou/.m2/repository/jakarta/enterprise/jakarta.enterprise.lang-model/4.1.0/jakarta.enterprise.lang-model-4.1.0.jar:/Users/xeniaandreou/.m2/repository/jakarta/el/jakarta.el-api/6.0.1/jakarta.el-api-6.0.1.jar:/Users/xeniaandreou/.m2/repository/jakarta/interceptor/jakarta.interceptor-api/2.2.0/jakarta.interceptor-api-2.2.0.jar:/Users/xeniaandreou/.m2/repository/jakarta/transaction/jakarta.transaction-api/2.0.1/jakarta.transaction-api-2.0.1.jar:/Users/xeniaandreou/.m2/repository/io/smallrye/reactive/mutiny/2.9.0/mutiny-2.9.0.jar:/Users/xeniaandreou/.m2/repository/org/jctools/jctools-core/4.0.5/jctools-core-4.0.5.jar:/Users/xeniaandreou/.m2/repository/org/jboss/logging/jboss-logging/3.6.1.Final/jboss-logging-3.6.1.Final.jar:/Users/xeniaandreou/.m2/repository/io/quarkus/quarkus-core/3.24.1/quarkus-core-3.24.1.jar:/Users/xeniaandreou/.m2/repository/jakarta/inject/jakarta.inject-api/2.0.1/jakarta.inject-api-2.0.1.jar:/Users/xeniaandreou/.m2/repository/io/smallrye/common/smallrye-common-os/2.12.0/smallrye-common-os-2.12.0.jar:/Users/xeniaandreou/.m2/repository/io/quarkus/quarkus-ide-launcher/3.24.1/quarkus-ide-launcher-3.24.1.jar:/Users/xeniaandreou/.m2/repository/io/quarkus/quarkus-development-mode-spi/3.24.1/quarkus-development-mode-spi-3.24.1.jar:/Users/xeniaandreou/.m2/repository/io/smallrye/config/smallrye-config/3.13.2/smallrye-config-3.13.2.jar:/Users/xeniaandreou/.m2/repository/io/smallrye/config/smallrye-config-core/3.13.2/smallrye-config-core-3.13.2.jar:/Users/xeniaandreou/.m2/repository/io/smallrye/config/smallrye-config-common/3.13.2/smallrye-config-common-3.13.2.jar:/Users/xeniaandreou/.m2/repository/org/jboss/logmanager/jboss-logmanager/3.1.2.Final/jboss-logmanager-3.1.2.Final.jar:/Users/xeniaandreou/.m2/repository/io/smallrye/common/smallrye-common-constraint/2.12.0/smallrye-common-constraint-2.12.0.jar:/Users/xeniaandreou/.m2/repository/io/smallrye/common/smallrye-common-cpu/2.12.0/smallrye-common-cpu-2.12.0.jar:/Users/xeniaandreou/.m2/repository/io/smallrye/common/smallrye-common-expression/2.12.0/smallrye-common-expression-2.12.0.jar:/Users/xeniaandreou/.m2/repository/io/smallrye/common/smallrye-common-net/2.12.0/smallrye-common-net-2.12.0.jar:/Users/xeniaandreou/.m2/repository/io/smallrye/common/smallrye-common-ref/2.12.0/smallrye-common-ref-2.12.0.jar:/Users/xeniaandreou/.m2/repository/jakarta/json/jakarta.json-api/2.1.3/jakarta.json-api-2.1.3.jar:/Users/xeniaandreou/.m2/repository/org/jboss/threads/jboss-threads/3.9.1/jboss-threads-3.9.1.jar:/Users/xeniaandreou/.m2/repository/io/smallrye/common/smallrye-common-function/2.12.0/smallrye-common-function-2.12.0.jar:/Users/xeniaandreou/.m2/repository/org/slf4j/slf4j-api/2.0.6/slf4j-api-2.0.6.jar:/Users/xeniaandreou/.m2/repository/org/jboss/slf4j/slf4j-jboss-logmanager/2.0.0.Final/slf4j-jboss-logmanager-2.0.0.Final.jar:/Users/xeniaandreou/.m2/repository/org/wildfly/common/wildfly-common/2.0.1/wildfly-common-2.0.1.jar:/Users/xeniaandreou/.m2/repository/io/quarkus/quarkus-bootstrap-runner/3.24.1/quarkus-bootstrap-runner-3.24.1.jar:/Users/xeniaandreou/.m2/repository/io/quarkus/quarkus-fs-util/1.0.0/quarkus-fs-util-1.0.0.jar:/Users/xeniaandreou/.m2/repository/org/eclipse/microprofile/context-propagation/microprofile-context-propagation-api/1.3/microprofile-context-propagation-api-1.3.jar:/Users/xeniaandreou/.m2/repository/io/quarkus/quarkus-rest/3.24.1/quarkus-rest-3.24.1.jar:/Users/xeniaandreou/.m2/repository/io/quarkus/quarkus-rest-common/3.24.1/quarkus-rest-common-3.24.1.jar:/Users/xeniaandreou/.m2/repository/io/quarkus/resteasy/reactive/resteasy-reactive-common/3.24.1/resteasy-reactive-common-3.24.1.jar:/Users/xeniaandreou/.m2/repository/io/quarkus/resteasy/reactive/resteasy-reactive-common-types/3.24.1/resteasy-reactive-common-types-3.24.1.jar:/Users/xeniaandreou/.m2/repository/org/reactivestreams/reactive-streams/1.0.4/reactive-streams-1.0.4.jar:/Users/xeniaandreou/.m2/repository/io/quarkus/quarkus-mutiny/3.24.1/quarkus-mutiny-3.24.1.jar:/Users/xeniaandreou/.m2/repository/io/quarkus/quarkus-smallrye-context-propagation/3.24.1/quarkus-smallrye-context-propagation-3.24.1.jar:/Users/xeniaandreou/.m2/repository/io/smallrye/smallrye-context-propagation/2.2.1/smallrye-context-propagation-2.2.1.jar:/Users/xeniaandreou/.m2/repository/io/smallrye/smallrye-context-propagation-api/2.2.1/smallrye-context-propagation-api-2.2.1.jar:/Users/xeniaandreou/.m2/repository/io/smallrye/smallrye-context-propagation-storage/2.2.1/smallrye-context-propagation-storage-2.2.1.jar:/Users/xeniaandreou/.m2/repository/io/smallrye/reactive/mutiny-smallrye-context-propagation/2.9.0/mutiny-smallrye-context-propagation-2.9.0.jar:/Users/xeniaandreou/.m2/repository/io/quarkus/quarkus-vertx/3.24.1/quarkus-vertx-3.24.1.jar:/Users/xeniaandreou/.m2/repository/io/quarkus/quarkus-netty/3.24.1/quarkus-netty-3.24.1.jar:/Users/xeniaandreou/.m2/repository/io/netty/netty-codec/4.1.121.Final/netty-codec-4.1.121.Final.jar:/Users/xeniaandreou/.m2/repository/io/netty/netty-codec-haproxy/4.1.121.Final/netty-codec-haproxy-4.1.121.Final.jar:/Users/xeniaandreou/.m2/repository/io/quarkus/quarkus-vertx-latebound-mdc-provider/3.24.1/quarkus-vertx-latebound-mdc-provider-3.24.1.jar:/Users/xeniaandreou/.m2/repository/io/smallrye/smallrye-fault-tolerance-vertx/6.9.1/smallrye-fault-tolerance-vertx-6.9.1.jar:/Users/xeniaandreou/.m2/repository/io/quarkus/resteasy/reactive/resteasy-reactive-vertx/3.24.1/resteasy-reactive-vertx-3.24.1.jar:/Users/xeniaandreou/.m2/repository/io/vertx/vertx-web/4.5.16/vertx-web-4.5.16.jar:/Users/xeniaandreou/.m2/repository/io/vertx/vertx-web-common/4.5.16/vertx-web-common-4.5.16.jar:/Users/xeniaandreou/.m2/repository/io/vertx/vertx-auth-common/4.5.16/vertx-auth-common-4.5.16.jar:/Users/xeniaandreou/.m2/repository/io/vertx/vertx-bridge-common/4.5.16/vertx-bridge-common-4.5.16.jar:/Users/xeniaandreou/.m2/repository/io/smallrye/reactive/smallrye-mutiny-vertx-core/3.19.1/smallrye-mutiny-vertx-core-3.19.1.jar:/Users/xeniaandreou/.m2/repository/io/smallrye/reactive/smallrye-mutiny-vertx-runtime/3.19.1/smallrye-mutiny-vertx-runtime-3.19.1.jar:/Users/xeniaandreou/.m2/repository/io/smallrye/reactive/vertx-mutiny-generator/3.19.1/vertx-mutiny-generator-3.19.1.jar:/Users/xeniaandreou/.m2/repository/io/vertx/vertx-codegen/4.5.16/vertx-codegen-4.5.16.jar:/Users/xeniaandreou/.m2/repository/io/quarkus/resteasy/reactive/resteasy-reactive/3.24.1/resteasy-reactive-3.24.1.jar:/Users/xeniaandreou/.m2/repository/io/quarkus/vertx/utils/quarkus-vertx-utils/3.24.1/quarkus-vertx-utils-3.24.1.jar:/Users/xeniaandreou/.m2/repository/jakarta/ws/rs/jakarta.ws.rs-api/3.1.0/jakarta.ws.rs-api-3.1.0.jar:/Users/xeniaandreou/.m2/repository/jakarta/xml/bind/jakarta.xml.bind-api/4.0.2/jakarta.xml.bind-api-4.0.2.jar:/Users/xeniaandreou/.m2/repository/jakarta/activation/jakarta.activation-api/2.1.3/jakarta.activation-api-2.1.3.jar:/Users/xeniaandreou/.m2/repository/io/quarkus/quarkus-vertx-http/3.24.1/quarkus-vertx-http-3.24.1.jar:/Users/xeniaandreou/.m2/repository/io/quarkus/quarkus-security-runtime-spi/3.24.1/quarkus-security-runtime-spi-3.24.1.jar:/Users/xeniaandreou/.m2/repository/io/quarkus/quarkus-tls-registry/3.24.1/quarkus-tls-registry-3.24.1.jar:/Users/xeniaandreou/.m2/repository/io/quarkus/quarkus-tls-registry-spi/3.24.1/quarkus-tls-registry-spi-3.24.1.jar:/Users/xeniaandreou/.m2/repository/io/smallrye/certs/smallrye-private-key-pem-parser/0.9.2/smallrye-private-key-pem-parser-0.9.2.jar:/Users/xeniaandreou/.m2/repository/io/quarkus/quarkus-credentials/3.24.1/quarkus-credentials-3.24.1.jar:/Users/xeniaandreou/.m2/repository/io/smallrye/common/smallrye-common-vertx-context/2.12.0/smallrye-common-vertx-context-2.12.0.jar:/Users/xeniaandreou/.m2/repository/io/quarkus/security/quarkus-security/2.2.1/quarkus-security-2.2.1.jar:/Users/xeniaandreou/.m2/repository/io/smallrye/reactive/smallrye-mutiny-vertx-web/3.19.1/smallrye-mutiny-vertx-web-3.19.1.jar:/Users/xeniaandreou/.m2/repository/io/smallrye/reactive/smallrye-mutiny-vertx-web-common/3.19.1/smallrye-mutiny-vertx-web-common-3.19.1.jar:/Users/xeniaandreou/.m2/repository/io/smallrye/reactive/smallrye-mutiny-vertx-auth-common/3.19.1/smallrye-mutiny-vertx-auth-common-3.19.1.jar:/Users/xeniaandreou/.m2/repository/io/smallrye/reactive/smallrye-mutiny-vertx-bridge-common/3.19.1/smallrye-mutiny-vertx-bridge-common-3.19.1.jar:/Users/xeniaandreou/.m2/repository/io/smallrye/reactive/smallrye-mutiny-vertx-uri-template/3.19.1/smallrye-mutiny-vertx-uri-template-3.19.1.jar:/Users/xeniaandreou/.m2/repository/io/vertx/vertx-uri-template/4.5.16/vertx-uri-template-4.5.16.jar:/Users/xeniaandreou/.m2/repository/io/github/crac/org-crac/0.1.3/org-crac-0.1.3.jar:/Users/xeniaandreou/.m2/repository/com/aayushatharva/brotli4j/brotli4j/1.16.0/brotli4j-1.16.0.jar:/Users/xeniaandreou/.m2/repository/com/aayushatharva/brotli4j/service/1.16.0/service-1.16.0.jar:/Users/xeniaandreou/.m2/repository/com/aayushatharva/brotli4j/native-osx-aarch64/1.16.0/native-osx-aarch64-1.16.0.jar:/Users/xeniaandreou/.m2/repository/io/quarkus/quarkus-jsonp/3.24.1/quarkus-jsonp-3.24.1.jar:/Users/xeniaandreou/.m2/repository/org/eclipse/parsson/parsson/1.1.7/parsson-1.1.7.jar:/Users/xeniaandreou/.m2/repository/io/quarkus/quarkus-virtual-threads/3.24.1/quarkus-virtual-threads-3.24.1.jar:/Users/xeniaandreou/.m2/repository/io/vertx/vertx-core/4.5.16/vertx-core-4.5.16.jar:/Users/xeniaandreou/.m2/repository/io/netty/netty-common/4.1.121.Final/netty-common-4.1.121.Final.jar:/Users/xeniaandreou/.m2/repository/io/netty/netty-buffer/4.1.121.Final/netty-buffer-4.1.121.Final.jar:/Users/xeniaandreou/.m2/repository/io/netty/netty-transport/4.1.121.Final/netty-transport-4.1.121.Final.jar:/Users/xeniaandreou/.m2/repository/io/netty/netty-handler/4.1.121.Final/netty-handler-4.1.121.Final.jar:/Users/xeniaandreou/.m2/repository/io/netty/netty-transport-native-unix-common/4.1.121.Final/netty-transport-native-unix-common-4.1.121.Final.jar:/Users/xeniaandreou/.m2/repository/io/netty/netty-handler-proxy/4.1.121.Final/netty-handler-proxy-4.1.121.Final.jar:/Users/xeniaandreou/.m2/repository/io/netty/netty-codec-socks/4.1.121.Final/netty-codec-socks-4.1.121.Final.jar:/Users/xeniaandreou/.m2/repository/io/netty/netty-codec-http/4.1.121.Final/netty-codec-http-4.1.121.Final.jar:/Users/xeniaandreou/.m2/repository/io/netty/netty-codec-http2/4.1.121.Final/netty-codec-http2-4.1.121.Final.jar:/Users/xeniaandreou/.m2/repository/io/netty/netty-resolver/4.1.121.Final/netty-resolver-4.1.121.Final.jar:/Users/xeniaandreou/.m2/repository/io/netty/netty-resolver-dns/4.1.121.Final/netty-resolver-dns-4.1.121.Final.jar:/Users/xeniaandreou/.m2/repository/io/netty/netty-codec-dns/4.1.121.Final/netty-codec-dns-4.1.121.Final.jar:/Users/xeniaandreou/.m2/repository/io/quarkus/quarkus-test-common/3.24.1/quarkus-test-common-3.24.1.jar:/Users/xeniaandreou/.m2/repository/io/quarkus/quarkus-core-deployment/3.24.1/quarkus-core-deployment-3.24.1.jar:/Users/xeniaandreou/.m2/repository/io/quarkus/quarkus-classloader-commons/3.24.1/quarkus-classloader-commons-3.24.1.jar:/Users/xeniaandreou/.m2/repository/org/aesh/readline/2.6/readline-2.6.jar:/Users/xeniaandreou/.m2/repository/org/fusesource/jansi/jansi/2.4.0/jansi-2.4.0.jar:/Users/xeniaandreou/.m2/repository/org/aesh/aesh/2.8.2/aesh-2.8.2.jar:/Users/xeniaandreou/.m2/repository/org/apache/commons/commons-lang3/3.17.0/commons-lang3-3.17.0.jar:/Users/xeniaandreou/.m2/repository/io/quarkus/gizmo/gizmo/1.9.0/gizmo-1.9.0.jar:/Users/xeniaandreou/.m2/repository/org/ow2/asm/asm-util/9.8/asm-util-9.8.jar:/Users/xeniaandreou/.m2/repository/org/ow2/asm/asm-analysis/9.8/asm-analysis-9.8.jar:/Users/xeniaandreou/.m2/repository/org/ow2/asm/asm/9.8/asm-9.8.jar:/Users/xeniaandreou/.m2/repository/org/ow2/asm/asm-commons/9.8/asm-commons-9.8.jar:/Users/xeniaandreou/.m2/repository/org/ow2/asm/asm-tree/9.8/asm-tree-9.8.jar:/Users/xeniaandreou/.m2/repository/io/quarkus/quarkus-hibernate-validator-spi/3.24.1/quarkus-hibernate-validator-spi-3.24.1.jar:/Users/xeniaandreou/.m2/repository/io/quarkus/quarkus-class-change-agent/3.24.1/quarkus-class-change-agent-3.24.1.jar:/Users/xeniaandreou/.m2/repository/io/quarkus/quarkus-devtools-utilities/3.24.1/quarkus-devtools-utilities-3.24.1.jar:/Users/xeniaandreou/.m2/repository/io/quarkus/quarkus-builder/3.24.1/quarkus-builder-3.24.1.jar:/Users/xeniaandreou/.m2/repository/org/graalvm/sdk/nativeimage/23.1.2/nativeimage-23.1.2.jar:/Users/xeniaandreou/.m2/repository/org/graalvm/sdk/word/23.1.2/word-23.1.2.jar:/Users/xeniaandreou/.m2/repository/org/junit/platform/junit-platform-launcher/1.13.1/junit-platform-launcher-1.13.1.jar:/Users/xeniaandreou/.m2/repository/org/junit/platform/junit-platform-engine/1.13.1/junit-platform-engine-1.13.1.jar:/Users/xeniaandreou/.m2/repository/io/quarkus/quarkus-bootstrap-maven-resolver/3.24.1/quarkus-bootstrap-maven-resolver-3.24.1.jar:/Users/xeniaandreou/.m2/repository/io/smallrye/beanbag/smallrye-beanbag-maven/1.5.3/smallrye-beanbag-maven-1.5.3.jar:/Users/xeniaandreou/.m2/repository/io/smallrye/beanbag/smallrye-beanbag-sisu/1.5.3/smallrye-beanbag-sisu-1.5.3.jar:/Users/xeniaandreou/.m2/repository/io/smallrye/beanbag/smallrye-beanbag/1.5.3/smallrye-beanbag-1.5.3.jar:/Users/xeniaandreou/.m2/repository/javax/inject/javax.inject/1/javax.inject-1.jar:/Users/xeniaandreou/.m2/repository/org/apache/maven/maven-artifact/3.9.9/maven-artifact-3.9.9.jar:/Users/xeniaandreou/.m2/repository/org/apache/maven/maven-builder-support/3.9.9/maven-builder-support-3.9.9.jar:/Users/xeniaandreou/.m2/repository/org/apache/maven/maven-model/3.9.9/maven-model-3.9.9.jar:/Users/xeniaandreou/.m2/repository/org/apache/maven/maven-model-builder/3.9.9/maven-model-builder-3.9.9.jar:/Users/xeniaandreou/.m2/repository/org/apache/maven/maven-repository-metadata/3.9.9/maven-repository-metadata-3.9.9.jar:/Users/xeniaandreou/.m2/repository/org/apache/maven/maven-settings/3.9.9/maven-settings-3.9.9.jar:/Users/xeniaandreou/.m2/repository/org/apache/maven/resolver/maven-resolver-api/1.9.22/maven-resolver-api-1.9.22.jar:/Users/xeniaandreou/.m2/repository/org/apache/maven/resolver/maven-resolver-impl/1.9.22/maven-resolver-impl-1.9.22.jar:/Users/xeniaandreou/.m2/repository/org/apache/maven/resolver/maven-resolver-named-locks/1.9.22/maven-resolver-named-locks-1.9.22.jar:/Users/xeniaandreou/.m2/repository/org/apache/maven/resolver/maven-resolver-spi/1.9.22/maven-resolver-spi-1.9.22.jar:/Users/xeniaandreou/.m2/repository/org/apache/maven/resolver/maven-resolver-util/1.9.22/maven-resolver-util-1.9.22.jar:/Users/xeniaandreou/.m2/repository/org/apache/maven/resolver/maven-resolver-transport-http/1.9.23/maven-resolver-transport-http-1.9.23.jar:/Users/xeniaandreou/.m2/repository/org/apache/maven/wagon/wagon-provider-api/3.5.3/wagon-provider-api-3.5.3.jar:/Users/xeniaandreou/.m2/repository/org/apache/maven/wagon/wagon-http-shared/3.5.3/wagon-http-shared-3.5.3.jar:/Users/xeniaandreou/.m2/repository/org/codehaus/plexus/plexus-interpolation/1.26/plexus-interpolation-1.26.jar:/Users/xeniaandreou/.m2/repository/org/codehaus/plexus/plexus-utils/3.5.1/plexus-utils-3.5.1.jar:/Users/xeniaandreou/.m2/repository/org/codehaus/plexus/plexus-xml/4.0.2/plexus-xml-4.0.2.jar:/Users/xeniaandreou/.m2/repository/org/apache/maven/maven-xml-impl/4.0.0-alpha-7/maven-xml-impl-4.0.0-alpha-7.jar:/Users/xeniaandreou/.m2/repository/org/apache/maven/maven-api-xml/4.0.0-alpha-7/maven-api-xml-4.0.0-alpha-7.jar:/Users/xeniaandreou/.m2/repository/org/apache/maven/maven-api-meta/4.0.0-alpha-7/maven-api-meta-4.0.0-alpha-7.jar:/Users/xeniaandreou/.m2/repository/org/codehaus/plexus/plexus-cipher/2.0/plexus-cipher-2.0.jar:/Users/xeniaandreou/.m2/repository/org/codehaus/plexus/plexus-sec-dispatcher/2.0/plexus-sec-dispatcher-2.0.jar:/Users/xeniaandreou/.m2/repository/io/quarkus/quarkus-bootstrap-app-model/3.24.1/quarkus-bootstrap-app-model-3.24.1.jar:/Users/xeniaandreou/.m2/repository/org/apache/maven/maven-embedder/3.9.9/maven-embedder-3.9.9.jar:/Users/xeniaandreou/.m2/repository/org/apache/maven/maven-core/3.9.9/maven-core-3.9.9.jar:/Users/xeniaandreou/.m2/repository/org/codehaus/plexus/plexus-component-annotations/2.1.0/plexus-component-annotations-2.1.0.jar:/Users/xeniaandreou/.m2/repository/org/apache/maven/maven-plugin-api/3.9.9/maven-plugin-api-3.9.9.jar:/Users/xeniaandreou/.m2/repository/org/apache/maven/shared/maven-shared-utils/3.4.2/maven-shared-utils-3.4.2.jar:/Users/xeniaandreou/.m2/repository/com/google/inject/guice/5.1.0/guice-5.1.0.jar:/Users/xeniaandreou/.m2/repository/aopalliance/aopalliance/1.0/aopalliance-1.0.jar:/Users/xeniaandreou/.m2/repository/com/google/guava/guava/33.4.8-jre/guava-33.4.8-jre.jar:/Users/xeniaandreou/.m2/repository/org/jspecify/jspecify/1.0.0/jspecify-1.0.0.jar:/Users/xeniaandreou/.m2/repository/com/google/guava/failureaccess/1.0.1/failureaccess-1.0.1.jar:/Users/xeniaandreou/.m2/repository/javax/annotation/javax.annotation-api/1.3.2/javax.annotation-api-1.3.2.jar:/Users/xeniaandreou/.m2/repository/org/codehaus/plexus/plexus-classworlds/2.6.0/plexus-classworlds-2.6.0.jar:/Users/xeniaandreou/.m2/repository/commons-cli/commons-cli/1.8.0/commons-cli-1.8.0.jar:/Users/xeniaandreou/.m2/repository/org/eclipse/sisu/org.eclipse.sisu.plexus/0.9.0.M4/org.eclipse.sisu.plexus-0.9.0.M4.jar:/Users/xeniaandreou/.m2/repository/org/apache/maven/maven-settings-builder/3.9.9/maven-settings-builder-3.9.9.jar:/Users/xeniaandreou/.m2/repository/org/apache/maven/maven-resolver-provider/3.9.9/maven-resolver-provider-3.9.9.jar:/Users/xeniaandreou/.m2/repository/org/apache/maven/resolver/maven-resolver-connector-basic/1.9.22/maven-resolver-connector-basic-1.9.22.jar:/Users/xeniaandreou/.m2/repository/org/apache/maven/resolver/maven-resolver-transport-wagon/1.9.22/maven-resolver-transport-wagon-1.9.22.jar:/Users/xeniaandreou/.m2/repository/org/apache/maven/wagon/wagon-http/3.5.3/wagon-http-3.5.3.jar:/Users/xeniaandreou/.m2/repository/org/apache/maven/wagon/wagon-file/3.5.3/wagon-file-3.5.3.jar:/Users/xeniaandreou/.m2/repository/io/quarkus/quarkus-bootstrap-gradle-resolver/3.24.1/quarkus-bootstrap-gradle-resolver-3.24.1.jar:/Users/xeniaandreou/.m2/repository/io/smallrye/jandex/3.3.1/jandex-3.3.1.jar:/Users/xeniaandreou/.m2/repository/commons-io/commons-io/2.19.0/commons-io-2.19.0.jar:/Users/xeniaandreou/.m2/repository/org/jboss/logging/commons-logging-jboss-logging/1.0.0.Final/commons-logging-jboss-logging-1.0.0.Final.jar:/Users/xeniaandreou/.m2/repository/org/testcontainers/junit-jupiter/1.21.2/junit-jupiter-1.21.2.jar:/Users/xeniaandreou/.m2/repository/org/testcontainers/testcontainers/1.21.2/testcontainers-1.21.2.jar:/Users/xeniaandreou/.m2/repository/junit/junit/4.13.2/junit-4.13.2.jar:/Users/xeniaandreou/.m2/repository/org/apache/commons/commons-compress/1.27.1/commons-compress-1.27.1.jar:/Users/xeniaandreou/.m2/repository/org/rnorth/duct-tape/duct-tape/1.0.8/duct-tape-1.0.8.jar:/Users/xeniaandreou/.m2/repository/org/jetbrains/annotations/26.0.2/annotations-26.0.2.jar:/Users/xeniaandreou/.m2/repository/com/github/docker-java/docker-java-api/3.4.2/docker-java-api-3.4.2.jar:/Users/xeniaandreou/.m2/repository/com/fasterxml/jackson/core/jackson-annotations/2.19.1/jackson-annotations-2.19.1.jar:/Users/xeniaandreou/.m2/repository/com/github/docker-java/docker-java-transport-zerodep/3.4.2/docker-java-transport-zerodep-3.4.2.jar:/Users/xeniaandreou/.m2/repository/com/github/docker-java/docker-java-transport/3.4.2/docker-java-transport-3.4.2.jar:/Users/xeniaandreou/.m2/repository/net/java/dev/jna/jna/5.8.0/jna-5.8.0.jar:/Users/xeniaandreou/.m2/repository/org/mockito/mockito-core/5.11.0/mockito-core-5.11.0.jar:/Users/xeniaandreou/.m2/repository/net/bytebuddy/byte-buddy/1.17.5/byte-buddy-1.17.5.jar:/Users/xeniaandreou/.m2/repository/net/bytebuddy/byte-buddy-agent/1.14.12/byte-buddy-agent-1.14.12.jar:/Users/xeniaandreou/.m2/repository/org/objenesis/objenesis/3.3/objenesis-3.3.jar:/Users/xeniaandreou/.m2/repository/org/mockito/mockito-junit-jupiter/5.11.0/mockito-junit-jupiter-5.11.0.jar:/Users/xeniaandreou/.m2/repository/org/junit/jupiter/junit-jupiter-api/5.13.1/junit-jupiter-api-5.13.1.jar:/Users/xeniaandreou/.m2/repository/org/opentest4j/opentest4j/1.3.0/opentest4j-1.3.0.jar:/Users/xeniaandreou/.m2/repository/org/junit/platform/junit-platform-commons/1.13.1/junit-platform-commons-1.13.1.jar:/Users/xeniaandreou/.m2/repository/org/apiguardian/apiguardian-api/1.1.2/apiguardian-api-1.1.2.jar:/Users/xeniaandreou/.m2/repository/io/quarkus/quarkus-smallrye-openapi/3.24.1/quarkus-smallrye-openapi-3.24.1.jar:/Users/xeniaandreou/.m2/repository/io/smallrye/smallrye-open-api-core/4.0.11/smallrye-open-api-core-4.0.11.jar:/Users/xeniaandreou/.m2/repository/org/eclipse/microprofile/openapi/microprofile-openapi-api/4.0.2/microprofile-openapi-api-4.0.2.jar:/Users/xeniaandreou/.m2/repository/org/eclipse/microprofile/config/microprofile-config-api/3.1/microprofile-config-api-3.1.jar:/Users/xeniaandreou/.m2/repository/io/smallrye/smallrye-open-api-model/4.0.11/smallrye-open-api-model-4.0.11.jar:/Users/xeniaandreou/.m2/repository/com/fasterxml/jackson/core/jackson-core/2.19.1/jackson-core-2.19.1.jar:/Users/xeniaandreou/.m2/repository/com/fasterxml/jackson/core/jackson-databind/2.19.1/jackson-databind-2.19.1.jar:/Users/xeniaandreou/.m2/repository/com/fasterxml/jackson/dataformat/jackson-dataformat-yaml/2.19.1/jackson-dataformat-yaml-2.19.1.jar:/Users/xeniaandreou/.m2/repository/org/yaml/snakeyaml/2.4/snakeyaml-2.4.jar:/Users/xeniaandreou/.m2/repository/io/smallrye/common/smallrye-common-classloader/2.12.0/smallrye-common-classloader-2.12.0.jar:/Users/xeniaandreou/.m2/repository/io/quarkus/quarkus-swagger-ui/3.24.1/quarkus-swagger-ui-3.24.1.jar:/Users/xeniaandreou/.m2/repository/io/quarkus/quarkus-rest-jackson/3.24.1/quarkus-rest-jackson-3.24.1.jar:/Users/xeniaandreou/.m2/repository/io/quarkus/quarkus-rest-jackson-common/3.24.1/quarkus-rest-jackson-common-3.24.1.jar:/Users/xeniaandreou/.m2/repository/io/quarkus/quarkus-messaging-kafka/3.24.1/quarkus-messaging-kafka-3.24.1.jar:/Users/xeniaandreou/.m2/repository/io/quarkus/quarkus-kafka-client/3.24.1/quarkus-kafka-client-3.24.1.jar:/Users/xeniaandreou/.m2/repository/io/smallrye/reactive/smallrye-reactive-messaging-kafka/4.28.0/smallrye-reactive-messaging-kafka-4.28.0.jar:/Users/xeniaandreou/.m2/repository/io/smallrye/reactive/smallrye-reactive-messaging-kafka-api/4.28.0/smallrye-reactive-messaging-kafka-api-4.28.0.jar:/Users/xeniaandreou/.m2/repository/io/smallrye/reactive/smallrye-reactive-messaging-otel/4.28.0/smallrye-reactive-messaging-otel-4.28.0.jar:/Users/xeniaandreou/.m2/repository/io/opentelemetry/opentelemetry-api/1.44.1/opentelemetry-api-1.44.1.jar:/Users/xeniaandreou/.m2/repository/io/opentelemetry/opentelemetry-context/1.44.1/opentelemetry-context-1.44.1.jar:/Users/xeniaandreou/.m2/repository/io/opentelemetry/semconv/opentelemetry-semconv/1.28.0-alpha/opentelemetry-semconv-1.28.0-alpha.jar:/Users/xeniaandreou/.m2/repository/io/opentelemetry/instrumentation/opentelemetry-instrumentation-api/2.10.0/opentelemetry-instrumentation-api-2.10.0.jar:/Users/xeniaandreou/.m2/repository/io/opentelemetry/opentelemetry-api-incubator/1.44.1-alpha/opentelemetry-api-incubator-1.44.1-alpha.jar:/Users/xeniaandreou/.m2/repository/io/opentelemetry/instrumentation/opentelemetry-instrumentation-api-incubator/2.10.0-alpha/opentelemetry-instrumentation-api-incubator-2.10.0-alpha.jar:/Users/xeniaandreou/.m2/repository/io/smallrye/reactive/smallrye-reactive-converter-api/3.0.3/smallrye-reactive-converter-api-3.0.3.jar:/Users/xeniaandreou/.m2/repository/io/smallrye/reactive/mutiny-zero/1.1.1/mutiny-zero-1.1.1.jar:/Users/xeniaandreou/.m2/repository/io/smallrye/reactive/mutiny-zero-flow-adapters/1.1.1/mutiny-zero-flow-adapters-1.1.1.jar:/Users/xeniaandreou/.m2/repository/io/quarkus/quarkus-jackson/3.24.1/quarkus-jackson-3.24.1.jar:/Users/xeniaandreou/.m2/repository/com/fasterxml/jackson/datatype/jackson-datatype-jsr310/2.19.1/jackson-datatype-jsr310-2.19.1.jar:/Users/xeniaandreou/.m2/repository/com/fasterxml/jackson/datatype/jackson-datatype-jdk8/2.19.1/jackson-datatype-jdk8-2.19.1.jar:/Users/xeniaandreou/.m2/repository/com/fasterxml/jackson/module/jackson-module-parameter-names/2.19.1/jackson-module-parameter-names-2.19.1.jar:/Users/xeniaandreou/.m2/repository/org/apache/kafka/kafka-clients/4.0.0/kafka-clients-4.0.0.jar:/Users/xeniaandreou/.m2/repository/com/github/luben/zstd-jni/1.5.6-6/zstd-jni-1.5.6-6.jar:/Users/xeniaandreou/.m2/repository/org/lz4/lz4-java/1.8.0/lz4-java-1.8.0.jar:/Users/xeniaandreou/.m2/repository/org/xerial/snappy/snappy-java/1.1.10.5/snappy-java-1.1.10.5.jar:/Users/xeniaandreou/.m2/repository/io/quarkus/quarkus-messaging/3.24.1/quarkus-messaging-3.24.1.jar:/Users/xeniaandreou/.m2/repository/io/quarkus/quarkus-mutiny-reactive-streams-operators/3.24.1/quarkus-mutiny-reactive-streams-operators-3.24.1.jar:/Users/xeniaandreou/.m2/repository/org/eclipse/microprofile/reactive-streams-operators/microprofile-reactive-streams-operators-api/3.0.1/microprofile-reactive-streams-operators-api-3.0.1.jar:/Users/xeniaandreou/.m2/repository/org/eclipse/microprofile/reactive-streams-operators/microprofile-reactive-streams-operators-core/3.0.1/microprofile-reactive-streams-operators-core-3.0.1.jar:/Users/xeniaandreou/.m2/repository/io/smallrye/reactive/mutiny-reactive-streams-operators/2.9.0/mutiny-reactive-streams-operators-2.9.0.jar:/Users/xeniaandreou/.m2/repository/io/quarkus/quarkus-messaging-kotlin/3.24.1/quarkus-messaging-kotlin-3.24.1.jar:/Users/xeniaandreou/.m2/repository/io/smallrye/common/smallrye-common-annotation/2.12.0/smallrye-common-annotation-2.12.0.jar:/Users/xeniaandreou/.m2/repository/io/smallrye/reactive/smallrye-reactive-messaging-health/4.28.0/smallrye-reactive-messaging-health-4.28.0.jar:/Users/xeniaandreou/.m2/repository/org/eclipse/microprofile/health/microprofile-health-api/4.0.1/microprofile-health-api-4.0.1.jar:/Users/xeniaandreou/.m2/repository/io/smallrye/reactive/smallrye-reactive-messaging-provider/4.28.0/smallrye-reactive-messaging-provider-4.28.0.jar:/Users/xeniaandreou/.m2/repository/io/smallrye/reactive/smallrye-reactive-messaging-api/4.28.0/smallrye-reactive-messaging-api-4.28.0.jar:/Users/xeniaandreou/.m2/repository/jakarta/annotation/jakarta.annotation-api/3.0.0/jakarta.annotation-api-3.0.0.jar:/Users/xeniaandreou/.m2/repository/io/quarkus/quarkus-rest-client-jackson/3.24.1/quarkus-rest-client-jackson-3.24.1.jar:/Users/xeniaandreou/.m2/repository/io/quarkus/resteasy/reactive/resteasy-reactive-jackson/3.24.1/resteasy-reactive-jackson-3.24.1.jar:/Users/xeniaandreou/.m2/repository/io/quarkus/quarkus-rest-client/3.24.1/quarkus-rest-client-3.24.1.jar:/Users/xeniaandreou/.m2/repository/io/quarkus/quarkus-rest-client-jaxrs/3.24.1/quarkus-rest-client-jaxrs-3.24.1.jar:/Users/xeniaandreou/.m2/repository/io/quarkus/resteasy/reactive/resteasy-reactive-client/3.24.1/resteasy-reactive-client-3.24.1.jar:/Users/xeniaandreou/.m2/repository/io/smallrye/stork/stork-api/2.7.3/stork-api-2.7.3.jar:/Users/xeniaandreou/.m2/repository/io/vertx/vertx-web-client/4.5.16/vertx-web-client-4.5.16.jar:/Users/xeniaandreou/.m2/repository/io/quarkus/quarkus-rest-client-config/3.24.1/quarkus-rest-client-config-3.24.1.jar:/Users/xeniaandreou/.m2/repository/org/eclipse/microprofile/rest/client/microprofile-rest-client-api/4.0/microprofile-rest-client-api-4.0.jar:/Users/xeniaandreou/.m2/repository/io/quarkus/quarkus-junit5/3.24.1/quarkus-junit5-3.24.1.jar:/Users/xeniaandreou/.m2/repository/io/quarkus/quarkus-bootstrap-core/3.24.1/quarkus-bootstrap-core-3.24.1.jar:/Users/xeniaandreou/.m2/repository/io/smallrye/common/smallrye-common-io/2.12.0/smallrye-common-io-2.12.0.jar:/Users/xeniaandreou/.m2/repository/org/eclipse/sisu/org.eclipse.sisu.inject/0.9.0.M4/org.eclipse.sisu.inject-0.9.0.M4.jar:/Users/xeniaandreou/.m2/repository/io/quarkus/quarkus-junit5-config/3.24.1/quarkus-junit5-config-3.24.1.jar:/Users/xeniaandreou/.m2/repository/org/junit/jupiter/junit-jupiter/5.13.1/junit-jupiter-5.13.1.jar:/Users/xeniaandreou/.m2/repository/org/junit/jupiter/junit-jupiter-params/5.13.1/junit-jupiter-params-5.13.1.jar:/Users/xeniaandreou/.m2/repository/org/junit/jupiter/junit-jupiter-engine/5.13.1/junit-jupiter-engine-5.13.1.jar:/Users/xeniaandreou/.m2/repository/io/rest-assured/rest-assured/5.5.5/rest-assured-5.5.5.jar:/Users/xeniaandreou/.m2/repository/org/apache/groovy/groovy/4.0.22/groovy-4.0.22.jar:/Users/xeniaandreou/.m2/repository/org/apache/groovy/groovy-xml/4.0.22/groovy-xml-4.0.22.jar:/Users/xeniaandreou/.m2/repository/org/apache/httpcomponents/httpclient/4.5.14/httpclient-4.5.14.jar:/Users/xeniaandreou/.m2/repository/org/apache/httpcomponents/httpcore/4.4.16/httpcore-4.4.16.jar:/Users/xeniaandreou/.m2/repository/commons-codec/commons-codec/1.18.0/commons-codec-1.18.0.jar:/Users/xeniaandreou/.m2/repository/org/apache/httpcomponents/httpmime/4.5.14/httpmime-4.5.14.jar:/Users/xeniaandreou/.m2/repository/org/hamcrest/hamcrest/2.2/hamcrest-2.2.jar:/Users/xeniaandreou/.m2/repository/org/ccil/cowan/tagsoup/tagsoup/1.2.1/tagsoup-1.2.1.jar:/Users/xeniaandreou/.m2/repository/io/rest-assured/json-path/5.5.5/json-path-5.5.5.jar:/Users/xeniaandreou/.m2/repository/org/apache/groovy/groovy-json/4.0.22/groovy-json-4.0.22.jar:/Users/xeniaandreou/.m2/repository/io/rest-assured/rest-assured-common/5.5.5/rest-assured-common-5.5.5.jar:/Users/xeniaandreou/.m2/repository/io/rest-assured/xml-path/5.5.5/xml-path-5.5.5.jar:"/>
    <property name="sun.cpu.endian" value="little"/>
    <property name="vertx.disableWebsockets" value="true"/>
    <property name="user.home" value="/Users/xeniaandreou"/>
    <property name="user.language" value="en"/>
    <property name="jboss.log-version" value="false"/>
    <property name="java.specification.vendor" value="Oracle Corporation"/>
    <property name="io.netty.allocator.maxOrder" value="3"/>
    <property name="java.version.date" value="2025-04-15"/>
    <property name="java.home" value="/opt/homebrew/Cellar/openjdk/24.0.1/libexec/openjdk.jdk/Contents/Home"/>
    <property name="file.separator" value="/"/>
    <property name="basedir" value="/Users/xeniaandreou/IdeaProjects/intergo-telecom-assessment/sms-platform/processor-service"/>
    <property name="java.vm.compressedOopsMode" value="Zero based"/>
    <property name="line.separator" value="&#10;"/>
    <property name="java.vm.specification.vendor" value="Oracle Corporation"/>
    <property name="java.specification.name" value="Java Platform API Specification"/>
    <property name="io.netty.allocator.disableCacheFinalizersForFastThreadLocalThreads" value="true"/>
    <property name="apple.awt.application.name" value="ForkedBooter"/>
    <property name="surefire.real.class.path" value="/Users/xeniaandreou/IdeaProjects/intergo-telecom-assessment/sms-platform/processor-service/target/surefire/surefirebooter-20250704232901997_3.jar"/>
    <property name="sun.management.compiler" value="HotSpot 64-Bit Tiered Compilers"/>
    <property name="ftp.nonProxyHosts" value="local|*.local|169.254/16|*.169.254/16"/>
    <property name="java.runtime.version" value="24.0.1"/>
    <property name="user.name" value="xeniaandreou"/>
    <property name="stdout.encoding" value="US-ASCII"/>
    <property name="path.separator" value=":"/>
    <property name="os.version" value="15.5"/>
    <property name="java.runtime.name" value="OpenJDK Runtime Environment"/>
    <property name="file.encoding" value="UTF-8"/>
    <property name="java.vm.name" value="OpenJDK 64-Bit Server VM"/>
    <property name="java.vendor.version" value="Homebrew"/>
    <property name="localRepository" value="/Users/xeniaandreou/.m2/repository"/>
    <property name="java.vendor.url.bug" value="https://github.com/Homebrew/homebrew-core/issues"/>
    <property name="java.io.tmpdir" value="/var/folders/7t/jp7_mjm56l3f8gkpnwf6bykw0000gn/T/"/>
    <property name="quarkus.log.file.path" value="target/quarkus.log"/>
    <property name="java.version" value="24.0.1"/>
    <property name="java.util.concurrent.ForkJoinPool.common.threadFactory" value="io.quarkus.bootstrap.forkjoin.QuarkusForkJoinWorkerThreadFactory"/>
    <property name="user.dir" value="/Users/xeniaandreou/IdeaProjects/intergo-telecom-assessment/sms-platform/processor-service"/>
    <property name="os.arch" value="aarch64"/>
    <property name="java.vm.specification.name" value="Java Virtual Machine Specification"/>
    <property name="vertx.disableDnsResolver" value="true"/>
    <property name="native.encoding" value="US-ASCII"/>
    <property name="java.util.logging.manager" value="org.jboss.logmanager.LogManager"/>
    <property name="java.library.path" value="/Users/xeniaandreou/Library/Java/Extensions:/Library/Java/Extensions:/Network/Library/Java/Extensions:/System/Library/Java/Extensions:/usr/lib/java:."/>
    <property name="jdk.console" value="java.base"/>
    <property name="java.vm.info" value="mixed mode, sharing"/>
    <property name="stderr.encoding" value="US-ASCII"/>
    <property name="java.vendor" value="Homebrew"/>
    <property name="vertx.disableTCCL" value="true"/>
    <property name="java.vm.version" value="24.0.1"/>
    <property name="vertx.logger-delegate-factory-class-name" value="io.quarkus.vertx.core.runtime.VertxLogDelegateFactory"/>
    <property name="sun.io.unicode.encoding" value="UnicodeBig"/>
    <property name="io.netty.machineId" value="ba:1f:76:84:10:d7:3a:6c"/>
    <property name="socksNonProxyHosts" value="local|*.local|169.254/16|*.169.254/16"/>
    <property name="java.class.version" value="68.0"/>
  </properties>
  <testcase name="testConsumeWithoutCallingRealService" classname="com.xeniaandreou.processor.SmsProcessorTest" time="0.631">
    <system-out><![CDATA[2025-07-04 23:29:04,422 INFO  [org.tes.DockerClientFactory] (build-17) Testcontainers version: 1.21.2
2025-07-04 23:29:04,653 INFO  [io.qua.sma.dep.processor] (build-16) Generating Jackson deserializer for type com.xeniaandreou.processor.SmsPayload
2025-07-04 23:29:04,667 INFO  [org.tes.doc.DockerClientProviderStrategy] (build-17) Loaded org.testcontainers.dockerclient.UnixSocketClientProviderStrategy from ~/.testcontainers.properties, will try it first
2025-07-04 23:29:05,183 INFO  [org.tes.doc.DockerClientProviderStrategy] (build-17) Found Docker environment with local Unix socket (unix:///var/run/docker.sock)
2025-07-04 23:29:05,184 INFO  [org.tes.DockerClientFactory] (build-17) Docker host IP address is localhost
2025-07-04 23:29:05,218 INFO  [org.tes.DockerClientFactory] (build-17) Connected to docker: 
  Server Version: 28.2.2
  API Version: 1.50
  Operating System: Docker Desktop
  Total Memory: 7837 MB
  Labels: 
    com.docker.desktop.address=unix:///Users/xeniaandreou/Library/Containers/com.docker.docker/Data/docker-cli.sock
2025-07-04 23:29:05,225 INFO  [org.tes.ima.PullPolicy] (build-17) Image pull policy will be performed by: DefaultPullPolicy()
2025-07-04 23:29:05,226 INFO  [org.tes.uti.ImageNameSubstitutor] (build-17) Image name substitution will be performed by: DefaultImageNameSubstitutor (composite of 'ConfigurationFileImageNameSubstitutor' and 'PrefixingImageNameSubstitutor')
2025-07-04 23:29:05,230 INFO  [org.tes.DockerClientFactory] (build-17) Checking the system...
2025-07-04 23:29:05,230 INFO  [org.tes.DockerClientFactory] (build-17) ?? Docker server version should be at least 1.6.0
2025-07-04 23:29:05,411 INFO  [tc.doc.io/.1.2] (build-17) Creating container for image: docker.io/redpandadata/redpanda:v24.1.2
2025-07-04 23:29:06,263 INFO  [org.tes.uti.RegistryAuthLocator] (build-17) Credential helper/store (docker-credential-desktop) does not have credentials for docker.io
2025-07-04 23:29:06,316 INFO  [tc.tes.12.0] (build-17) Creating container for image: testcontainers/ryuk:0.12.0
2025-07-04 23:29:06,922 INFO  [tc.tes.12.0] (build-17) Container testcontainers/ryuk:0.12.0 is starting: 20567456f361353c57e5c4af404a2e10cb3b7e799ae2789264b55bad9f24a696
2025-07-04 23:29:07,233 INFO  [tc.tes.12.0] (build-17) Container testcontainers/ryuk:0.12.0 started in PT0.916693S
2025-07-04 23:29:07,273 INFO  [tc.doc.io/.1.2] (build-17) Container docker.io/redpandadata/redpanda:v24.1.2 is starting: 1c824d6de0a75eb5838d6ee19ed6819ff2d3ea97a12573c1943ec805dfdd4cad
2025-07-04 23:29:08,139 INFO  [tc.doc.io/.1.2] (build-17) Container docker.io/redpandadata/redpanda:v24.1.2 started in PT2.727614S
2025-07-04 23:29:08,141 INFO  [io.qua.kaf.cli.dep.DevServicesKafkaProcessor] (build-17) Dev Services for Kafka started. Other Quarkus applications in dev mode will find the broker automatically. For Quarkus applications in production mode, you can connect to this by starting your application with -Dkafka.bootstrap.servers=OUTSIDE://localhost:55008
2025-07-04 23:29:08,735 INFO  [io.sma.rea.mes.kafka] (main) SRMSG18229: Configured topics for channel 'sms-requests': [sms-requests]
2025-07-04 23:29:08,742 INFO  [io.sma.rea.mes.kafka] (main) SRMSG18214: Key deserializer omitted, using String as default
2025-07-04 23:29:08,762 INFO  [org.apa.kaf.com.con.AbstractConfig] (smallrye-kafka-consumer-thread-0) ConsumerConfig values: 
	allow.auto.create.topics = true
	auto.commit.interval.ms = 5000
	auto.offset.reset = latest
	bootstrap.servers = [OUTSIDE://localhost:55008]
	check.crcs = true
	client.dns.lookup = use_all_dns_ips
	client.id = kafka-consumer-sms-requests
	client.rack = 
	connections.max.idle.ms = 540000
	default.api.timeout.ms = 60000
	enable.auto.commit = false
	enable.metrics.push = true
	exclude.internal.topics = true
	fetch.max.bytes = 52428800
	fetch.max.wait.ms = 500
	fetch.min.bytes = 1
	group.id = processor-service
	group.instance.id = null
	group.protocol = classic
	group.remote.assignor = null
	heartbeat.interval.ms = 3000
	interceptor.classes = []
	internal.leave.group.on.close = true
	internal.throw.on.fetch.stable.offset.unsupported = false
	isolation.level = read_uncommitted
	key.deserializer = class io.smallrye.reactive.messaging.kafka.fault.DeserializerWrapper
	max.partition.fetch.bytes = 1048576
	max.poll.interval.ms = 300000
	max.poll.records = 500
	metadata.max.age.ms = 300000
	metadata.recovery.rebootstrap.trigger.ms = 300000
	metadata.recovery.strategy = rebootstrap
	metric.reporters = [org.apache.kafka.common.metrics.JmxReporter]
	metrics.num.samples = 2
	metrics.recording.level = INFO
	metrics.sample.window.ms = 30000
	partition.assignment.strategy = [class org.apache.kafka.clients.consumer.RangeAssignor, class org.apache.kafka.clients.consumer.CooperativeStickyAssignor]
	receive.buffer.bytes = 65536
	reconnect.backoff.max.ms = 10000
	reconnect.backoff.ms = 50
	request.timeout.ms = 30000
	retry.backoff.max.ms = 1000
	retry.backoff.ms = 100
	sasl.client.callback.handler.class = null
	sasl.jaas.config = null
	sasl.kerberos.kinit.cmd = /usr/bin/kinit
	sasl.kerberos.min.time.before.relogin = 60000
	sasl.kerberos.service.name = null
	sasl.kerberos.ticket.renew.jitter = 0.05
	sasl.kerberos.ticket.renew.window.factor = 0.8
	sasl.login.callback.handler.class = null
	sasl.login.class = null
	sasl.login.connect.timeout.ms = null
	sasl.login.read.timeout.ms = null
	sasl.login.refresh.buffer.seconds = 300
	sasl.login.refresh.min.period.seconds = 60
	sasl.login.refresh.window.factor = 0.8
	sasl.login.refresh.window.jitter = 0.05
	sasl.login.retry.backoff.max.ms = 10000
	sasl.login.retry.backoff.ms = 100
	sasl.mechanism = GSSAPI
	sasl.oauthbearer.clock.skew.seconds = 30
	sasl.oauthbearer.expected.audience = null
	sasl.oauthbearer.expected.issuer = null
	sasl.oauthbearer.header.urlencode = false
	sasl.oauthbearer.jwks.endpoint.refresh.ms = 3600000
	sasl.oauthbearer.jwks.endpoint.retry.backoff.max.ms = 10000
	sasl.oauthbearer.jwks.endpoint.retry.backoff.ms = 100
	sasl.oauthbearer.jwks.endpoint.url = null
	sasl.oauthbearer.scope.claim.name = scope
	sasl.oauthbearer.sub.claim.name = sub
	sasl.oauthbearer.token.endpoint.url = null
	security.protocol = PLAINTEXT
	security.providers = null
	send.buffer.bytes = 131072
	session.timeout.ms = 45000
	socket.connection.setup.timeout.max.ms = 30000
	socket.connection.setup.timeout.ms = 10000
	ssl.cipher.suites = null
	ssl.enabled.protocols = [TLSv1.2, TLSv1.3]
	ssl.endpoint.identification.algorithm = https
	ssl.engine.factory.class = null
	ssl.key.password = null
	ssl.keymanager.algorithm = SunX509
	ssl.keystore.certificate.chain = null
	ssl.keystore.key = null
	ssl.keystore.location = null
	ssl.keystore.password = null
	ssl.keystore.type = JKS
	ssl.protocol = TLSv1.3
	ssl.provider = null
	ssl.secure.random.implementation = null
	ssl.trustmanager.algorithm = PKIX
	ssl.truststore.certificates = null
	ssl.truststore.location = null
	ssl.truststore.password = null
	ssl.truststore.type = JKS
	value.deserializer = class io.smallrye.reactive.messaging.kafka.fault.DeserializerWrapper

2025-07-04 23:29:08,900 INFO  [io.sma.rea.mes.kafka] (smallrye-kafka-consumer-thread-0) SRMSG18257: Kafka consumer kafka-consumer-sms-requests, connected to Kafka brokers 'OUTSIDE://localhost:55008', belongs to the 'processor-service' consumer group and is configured to poll records from [sms-requests]
2025-07-04 23:29:08,985 INFO  [io.quarkus] (main) processor-service 1.0.0-SNAPSHOT on JVM (powered by Quarkus 3.24.1) started in 6.130s. Listening on: http://localhost:8081
2025-07-04 23:29:08,985 INFO  [io.quarkus] (main) Profile test activated. 
2025-07-04 23:29:08,985 INFO  [io.quarkus] (main) Installed features: [cdi, compose, kafka-client, messaging, messaging-kafka, rest, rest-client, rest-client-jackson, rest-jackson, smallrye-context-propagation, smallrye-openapi, swagger-ui, vertx]
Processing SMS to: +357123456
]]></system-out>
    <system-err><![CDATA[WARNING: A Java agent has been loaded dynamically (/Users/xeniaandreou/.m2/repository/net/bytebuddy/byte-buddy-agent/1.14.12/byte-buddy-agent-1.14.12.jar)
WARNING: If a serviceability tool is in use, please run with -XX:+EnableDynamicAgentLoading to hide this warning
WARNING: If a serviceability tool is not in use, please run with -Djdk.instrument.traceUsage for more information
WARNING: Dynamic loading of agents will be disallowed by default in a future release
]]></system-err>
  </testcase>
</testsuite>